\BOOKMARK [0][-]{section*.2}{Coherent Deeply Virtual 0 Production off 4He}{}% 2
\BOOKMARK [1][-]{section*.1}{Abstract}{section*.2}% 1
\BOOKMARK [1][-]{section*.3}{Introduction }{section*.2}% 3
\BOOKMARK [1][-]{section*.4}{Formalism }{section*.2}% 4
\BOOKMARK [2][-]{section*.5}{Measuring Beam Spin Asymmetry }{section*.4}% 5
\BOOKMARK [2][-]{section*.6}{Ji's Formulation }{section*.4}% 6
\BOOKMARK [1][-]{section*.7}{Experimental Setup }{section*.2}% 7
\BOOKMARK [2][-]{section*.8}{EG6 Defining Additions}{section*.7}% 8
\BOOKMARK [1][-]{section*.9}{Particle Identification }{section*.2}% 9
\BOOKMARK [2][-]{section*.10}{Electron Identification}{section*.9}% 10
\BOOKMARK [2][-]{section*.11}{Helium Identification}{section*.9}% 11
\BOOKMARK [2][-]{section*.12}{Photon Identification}{section*.9}% 12
\BOOKMARK [1][-]{section*.13}{Event Selection }{section*.2}% 13
\BOOKMARK [2][-]{section*.14}{Kinematic Fitting}{section*.13}% 14
\BOOKMARK [2][-]{section*.15}{Exclusivity Variable Distributions}{section*.13}% 15
\BOOKMARK [1][-]{section*.16}{Kinematic Binning}{section*.2}% 16
\BOOKMARK [1][-]{section*.17}{Systematic Uncertainties }{section*.2}% 17
\BOOKMARK [1][-]{section*.18}{Results and Discussion }{section*.2}% 18
\BOOKMARK [1][-]{section*.19}{Summary }{section*.2}% 19
\BOOKMARK [1][-]{section*.20}{Acknowledgments}{section*.2}% 20
\BOOKMARK [1][-]{section*.21}{References}{section*.2}% 21
